#
# A fatal error has been detected by the Java Runtime Environment:
#
#  Internal Error (t:/workspace/open/src/hotspot/share/oops/generateOopMap.cpp:2164), pid=8444, tid=3980
#  fatal error: Illegal class file encountered. Try running with -Xverify:all in method updatePlaylistRightToken
#
# JRE version: Java(TM) SE Runtime Environment (11.0.2+9) (build 11.0.2+9-LTS)
# Java VM: Java HotSpot(TM) 64-Bit Server VM (11.0.2+9-LTS, mixed mode, tiered, compressed oops, g1 gc, windows-amd64)
# No core dump will be written. Minidumps are not enabled by default on client versions of Windows
#
# If you would like to submit a bug report, please visit:
#   http://bugreport.java.com/bugreport/crash.jsp
#

---------------  S U M M A R Y ------------

Command Line: -agentlib:jdwp=transport=dt_socket,address=127.0.0.1:61785,suspend=y,server=n -ea -Didea.test.cyclic.buffer.size=1048576 -javaagent:C:\Users\vu199\.IntelliJIdea2018.3\system\captureAgent\debugger-agent.jar -Dfile.encoding=UTF-8 com.intellij.rt.execution.junit.JUnitStarter -ideVersion5 -junit5 com.spotitube.PlaylistServiceImplTest,updatePlaylistRightToken

Host: Intel(R) Core(TM) i7-7500U CPU @ 2.70GHz, 4 cores, 7G,  Windows 10 , 64 bit Build 17134 (10.0.17134.648)
Time: Mon Apr  1 17:40:42 2019 West-Europa (zomertijd) elapsed time: 1483 seconds (0d 0h 24m 43s)

---------------  T H R E A D  ---------------

Current thread (0x000002b2ff1a1800):  VMThread "VM Thread" [stack: 0x000000d1be500000,0x000000d1be600000] [id=3980]

Stack: [0x000000d1be500000,0x000000d1be600000]
[error occurred during error reporting (printing stack bounds), id 0xc0000005, EXCEPTION_ACCESS_VIOLATION (0xc0000005) at pc=0x000002b2ee990bad]

Native frames: (J=compiled Java code, j=interpreted, Vv=VM code, C=native code)
V  [jvm.dll+0x63574a]
V  [jvm.dll+0x77326f]
V  [jvm.dll+0x77491a]
V  [jvm.dll+0x774f35]
V  [jvm.dll+0x774eeb]
V  [jvm.dll+0x634e56]
V  [jvm.dll+0x635218]
C  [ntdll.dll+0x9f7dd]
C  [ntdll.dll+0xd856]
C  [ntdll.dll+0x9e70e]
C  0x000002b2ee990bad

VM_Operation (0x000000d1befff7b0): GetOrSetLocal, mode: safepoint, requested by thread 0x000002b2ffd8e000


---------------  P R O C E S S  ---------------

Threads class SMR info:
_java_thread_list=0x000002b2ffe66310, length=13, elements={
0x000002b2e4e9b000, 0x000002b2ff1c6800, 0x000002b2ff1c7800, 0x000002b2ffb52800,
0x000002b2ffb53800, 0x000002b2ff1e3000, 0x000002b2ff1e7000, 0x000002b2ffbb0800,
0x000002b2ff156800, 0x000002b2ffd8e000, 0x000002b2ffe3a000, 0x000002b2ffe3c000,
0x000002b2ffcdf800
}

Java Threads: ( => current thread )
  0x000002b2e4e9b000 JavaThread "main" [_thread_blocked, id=4228, stack(0x000000d1bdf00000,0x000000d1be000000)]
  0x000002b2ff1c6800 JavaThread "Reference Handler" daemon [_thread_blocked, id=4512, stack(0x000000d1be600000,0x000000d1be700000)]
  0x000002b2ff1c7800 JavaThread "Finalizer" daemon [_thread_blocked, id=1012, stack(0x000000d1be700000,0x000000d1be800000)]
  0x000002b2ffb52800 JavaThread "Signal Dispatcher" daemon [_thread_blocked, id=9148, stack(0x000000d1be800000,0x000000d1be900000)]
  0x000002b2ffb53800 JavaThread "Attach Listener" daemon [_thread_blocked, id=18436, stack(0x000000d1be900000,0x000000d1bea00000)]
  0x000002b2ff1e3000 JavaThread "C2 CompilerThread0" daemon [_thread_blocked, id=20272, stack(0x000000d1bea00000,0x000000d1beb00000)]
  0x000002b2ff1e7000 JavaThread "C1 CompilerThread0" daemon [_thread_blocked, id=11804, stack(0x000000d1beb00000,0x000000d1bec00000)]
  0x000002b2ffbb0800 JavaThread "Sweeper thread" daemon [_thread_blocked, id=18780, stack(0x000000d1bec00000,0x000000d1bed00000)]
  0x000002b2ff156800 JavaThread "Common-Cleaner" daemon [_thread_blocked, id=15592, stack(0x000000d1bed00000,0x000000d1bee00000)]
  0x000002b2ffd8e000 JavaThread "JDWP Transport Listener: dt_socket" daemon [_thread_blocked, id=7132, stack(0x000000d1bef00000,0x000000d1bf000000)] _threads_hazard_ptr=0x000002b2ffe66310
  0x000002b2ffe3a000 JavaThread "JDWP Event Helper Thread" daemon [_thread_blocked, id=3464, stack(0x000000d1bf000000,0x000000d1bf100000)]
  0x000002b2ffe3c000 JavaThread "JDWP Command Reader" daemon [_thread_in_native, id=4844, stack(0x000000d1bf100000,0x000000d1bf200000)]
  0x000002b2ffcdf800 JavaThread "Service Thread" daemon [_thread_blocked, id=19760, stack(0x000000d1bee00000,0x000000d1bef00000)]

Other Threads:
=>0x000002b2ff1a1800 VMThread "VM Thread" [stack: 0x000000d1be500000,0x000000d1be600000] [id=3980]
  0x000002b2ffe6b000 WatcherThread [stack: 0x000000d1bf200000,0x000000d1bf300000] [id=4980]
  0x000002b2e4eb3800 GCTaskThread "GC Thread#0" [stack: 0x000000d1be000000,0x000000d1be100000] [id=8196]
  0x000002b28625a000 GCTaskThread "GC Thread#1" [stack: 0x000000d1bf300000,0x000000d1bf400000] [id=16592]
  0x000002b28629f000 GCTaskThread "GC Thread#2" [stack: 0x000000d1bf400000,0x000000d1bf500000] [id=2984]
  0x000002b2e4ee5800 ConcurrentGCThread "G1 Main Marker" [stack: 0x000000d1be100000,0x000000d1be200000] [id=15944]
  0x000002b2e4ee7800 ConcurrentGCThread "G1 Conc#0" [stack: 0x000000d1be200000,0x000000d1be300000] [id=9644]
  0x000002b2ff010800 ConcurrentGCThread "G1 Refine#0" [stack: 0x000000d1be300000,0x000000d1be400000] [id=19472]
  0x000002b2ff011000 ConcurrentGCThread "G1 Young RemSet Sampling" [stack: 0x000000d1be400000,0x000000d1be500000] [id=808]

Threads with active compile tasks:

VM state:at safepoint (normal execution)

VM Mutex/Monitor currently owned by a thread:  ([mutex/lock_event])
[0x000002b2e4e99eb0] Threads_lock - owner thread: 0x000002b2ff1a1800

Heap address: 0x0000000081c00000, size: 2020 MB, Compressed Oops mode: 32-bit
Narrow klass base: 0x0000000000000000, Narrow klass shift: 3
Compressed class space size: 1073741824 Address: 0x0000000100000000

Heap:
 garbage-first heap   total 131072K, used 10658K [0x0000000081c00000, 0x0000000100000000)
  region size 1024K, 11 young (11264K), 2 survivors (2048K)
 Metaspace       used 12592K, capacity 13066K, committed 13312K, reserved 1060864K
  class space    used 1339K, capacity 1533K, committed 1536K, reserved 1048576K
Heap Regions: E=young(eden), S=young(survivor), O=old, HS=humongous(starts), HC=humongous(continues), CS=collection set, F=free, A=archive, TAMS=top-at-mark-start (previous, next)
|   0|0x0000000081c00000, 0x0000000081c68a00, 0x0000000081d00000| 40%| O|  |TAMS 0x0000000081c00000, 0x0000000081c00000| Untracked 
|   1|0x0000000081d00000, 0x0000000081d00000, 0x0000000081e00000|  0%| F|  |TAMS 0x0000000081d00000, 0x0000000081d00000| Untracked 
|   2|0x0000000081e00000, 0x0000000081e00000, 0x0000000081f00000|  0%| F|  |TAMS 0x0000000081e00000, 0x0000000081e00000| Untracked 
|   3|0x0000000081f00000, 0x0000000081f00000, 0x0000000082000000|  0%| F|  |TAMS 0x0000000081f00000, 0x0000000081f00000| Untracked 
|   4|0x0000000082000000, 0x0000000082000000, 0x0000000082100000|  0%| F|  |TAMS 0x0000000082000000, 0x0000000082000000| Untracked 
|   5|0x0000000082100000, 0x0000000082100000, 0x0000000082200000|  0%| F|  |TAMS 0x0000000082100000, 0x0000000082100000| Untracked 
|   6|0x0000000082200000, 0x0000000082200000, 0x0000000082300000|  0%| F|  |TAMS 0x0000000082200000, 0x0000000082200000| Untracked 
|   7|0x0000000082300000, 0x0000000082300000, 0x0000000082400000|  0%| F|  |TAMS 0x0000000082300000, 0x0000000082300000| Untracked 
|   8|0x0000000082400000, 0x0000000082400000, 0x0000000082500000|  0%| F|  |TAMS 0x0000000082400000, 0x0000000082400000| Untracked 
|   9|0x0000000082500000, 0x0000000082500000, 0x0000000082600000|  0%| F|  |TAMS 0x0000000082500000, 0x0000000082500000| Untracked 
|  10|0x0000000082600000, 0x0000000082600000, 0x0000000082700000|  0%| F|  |TAMS 0x0000000082600000, 0x0000000082600000| Untracked 
|  11|0x0000000082700000, 0x0000000082700000, 0x0000000082800000|  0%| F|  |TAMS 0x0000000082700000, 0x0000000082700000| Untracked 
|  12|0x0000000082800000, 0x0000000082800000, 0x0000000082900000|  0%| F|  |TAMS 0x0000000082800000, 0x0000000082800000| Untracked 
|  13|0x0000000082900000, 0x0000000082900000, 0x0000000082a00000|  0%| F|  |TAMS 0x0000000082900000, 0x0000000082900000| Untracked 
|  14|0x0000000082a00000, 0x0000000082a00000, 0x0000000082b00000|  0%| F|  |TAMS 0x0000000082a00000, 0x0000000082a00000| Untracked 
|  15|0x0000000082b00000, 0x0000000082b00000, 0x0000000082c00000|  0%| F|  |TAMS 0x0000000082b00000, 0x0000000082b00000| Untracked 
|  16|0x0000000082c00000, 0x0000000082c00000, 0x0000000082d00000|  0%| F|  |TAMS 0x0000000082c00000, 0x0000000082c00000| Untracked 
|  17|0x0000000082d00000, 0x0000000082d00000, 0x0000000082e00000|  0%| F|  |TAMS 0x0000000082d00000, 0x0000000082d00000| Untracked 
|  18|0x0000000082e00000, 0x0000000082e00000, 0x0000000082f00000|  0%| F|  |TAMS 0x0000000082e00000, 0x0000000082e00000| Untracked 
|  19|0x0000000082f00000, 0x0000000082f00000, 0x0000000083000000|  0%| F|  |TAMS 0x0000000082f00000, 0x0000000082f00000| Untracked 
|  20|0x0000000083000000, 0x0000000083000000, 0x0000000083100000|  0%| F|  |TAMS 0x0000000083000000, 0x0000000083000000| Untracked 
|  21|0x0000000083100000, 0x0000000083100000, 0x0000000083200000|  0%| F|  |TAMS 0x0000000083100000, 0x0000000083100000| Untracked 
|  22|0x0000000083200000, 0x0000000083200000, 0x0000000083300000|  0%| F|  |TAMS 0x0000000083200000, 0x0000000083200000| Untracked 
|  23|0x0000000083300000, 0x0000000083300000, 0x0000000083400000|  0%| F|  |TAMS 0x0000000083300000, 0x0000000083300000| Untracked 
|  24|0x0000000083400000, 0x0000000083400000, 0x0000000083500000|  0%| F|  |TAMS 0x0000000083400000, 0x0000000083400000| Untracked 
|  25|0x0000000083500000, 0x0000000083500000, 0x0000000083600000|  0%| F|  |TAMS 0x0000000083500000, 0x0000000083500000| Untracked 
|  26|0x0000000083600000, 0x0000000083600000, 0x0000000083700000|  0%| F|  |TAMS 0x0000000083600000, 0x0000000083600000| Untracked 
|  27|0x0000000083700000, 0x0000000083700000, 0x0000000083800000|  0%| F|  |TAMS 0x0000000083700000, 0x0000000083700000| Untracked 
|  28|0x0000000083800000, 0x0000000083800000, 0x0000000083900000|  0%| F|  |TAMS 0x0000000083800000, 0x0000000083800000| Untracked 
|  29|0x0000000083900000, 0x0000000083900000, 0x0000000083a00000|  0%| F|  |TAMS 0x0000000083900000, 0x0000000083900000| Untracked 
|  30|0x0000000083a00000, 0x0000000083a00000, 0x0000000083b00000|  0%| F|  |TAMS 0x0000000083a00000, 0x0000000083a00000| Untracked 
|  31|0x0000000083b00000, 0x0000000083b00000, 0x0000000083c00000|  0%| F|  |TAMS 0x0000000083b00000, 0x0000000083b00000| Untracked 
|  32|0x0000000083c00000, 0x0000000083c00000, 0x0000000083d00000|  0%| F|  |TAMS 0x0000000083c00000, 0x0000000083c00000| Untracked 
|  33|0x0000000083d00000, 0x0000000083d00000, 0x0000000083e00000|  0%| F|  |TAMS 0x0000000083d00000, 0x0000000083d00000| Untracked 
|  34|0x0000000083e00000, 0x0000000083e00000, 0x0000000083f00000|  0%| F|  |TAMS 0x0000000083e00000, 0x0000000083e00000| Untracked 
|  35|0x0000000083f00000, 0x0000000083f00000, 0x0000000084000000|  0%| F|  |TAMS 0x0000000083f00000, 0x0000000083f00000| Untracked 
|  36|0x0000000084000000, 0x0000000084000000, 0x0000000084100000|  0%| F|  |TAMS 0x0000000084000000, 0x0000000084000000| Untracked 
|  37|0x0000000084100000, 0x0000000084100000, 0x0000000084200000|  0%| F|  |TAMS 0x0000000084100000, 0x0000000084100000| Untracked 
|  38|0x0000000084200000, 0x0000000084200000, 0x0000000084300000|  0%| F|  |TAMS 0x0000000084200000, 0x0000000084200000| Untracked 
|  39|0x0000000084300000, 0x0000000084300000, 0x0000000084400000|  0%| F|  |TAMS 0x0000000084300000, 0x0000000084300000| Untracked 
|  40|0x0000000084400000, 0x0000000084400000, 0x0000000084500000|  0%| F|  |TAMS 0x0000000084400000, 0x0000000084400000| Untracked 
|  41|0x0000000084500000, 0x0000000084500000, 0x0000000084600000|  0%| F|  |TAMS 0x0000000084500000, 0x0000000084500000| Untracked 
|  42|0x0000000084600000, 0x0000000084600000, 0x0000000084700000|  0%| F|  |TAMS 0x0000000084600000, 0x0000000084600000| Untracked 
|  43|0x0000000084700000, 0x0000000084700000, 0x0000000084800000|  0%| F|  |TAMS 0x0000000084700000, 0x0000000084700000| Untracked 
|  44|0x0000000084800000, 0x0000000084800000, 0x0000000084900000|  0%| F|  |TAMS 0x0000000084800000, 0x0000000084800000| Untracked 
|  45|0x0000000084900000, 0x0000000084900000, 0x0000000084a00000|  0%| F|  |TAMS 0x0000000084900000, 0x0000000084900000| Untracked 
|  46|0x0000000084a00000, 0x0000000084a00000, 0x0000000084b00000|  0%| F|  |TAMS 0x0000000084a00000, 0x0000000084a00000| Untracked 
|  47|0x0000000084b00000, 0x0000000084b00000, 0x0000000084c00000|  0%| F|  |TAMS 0x0000000084b00000, 0x0000000084b00000| Untracked 
|  48|0x0000000084c00000, 0x0000000084c00000, 0x0000000084d00000|  0%| F|  |TAMS 0x0000000084c00000, 0x0000000084c00000| Untracked 
|  49|0x0000000084d00000, 0x0000000084d00000, 0x0000000084e00000|  0%| F|  |TAMS 0x0000000084d00000, 0x0000000084d00000| Untracked 
|  50|0x0000000084e00000, 0x0000000084e00000, 0x0000000084f00000|  0%| F|  |TAMS 0x0000000084e00000, 0x0000000084e00000| Untracked 
|  51|0x0000000084f00000, 0x0000000084f00000, 0x0000000085000000|  0%| F|  |TAMS 0x0000000084f00000, 0x0000000084f00000| Untracked 
|  52|0x0000000085000000, 0x0000000085000000, 0x0000000085100000|  0%| F|  |TAMS 0x0000000085000000, 0x0000000085000000| Untracked 
|  53|0x0000000085100000, 0x0000000085100000, 0x0000000085200000|  0%| F|  |TAMS 0x0000000085100000, 0x0000000085100000| Untracked 
|  54|0x0000000085200000, 0x0000000085200000, 0x0000000085300000|  0%| F|  |TAMS 0x0000000085200000, 0x0000000085200000| Untracked 
|  55|0x0000000085300000, 0x0000000085300000, 0x0000000085400000|  0%| F|  |TAMS 0x0000000085300000, 0x0000000085300000| Untracked 
|  56|0x0000000085400000, 0x0000000085400000, 0x0000000085500000|  0%| F|  |TAMS 0x0000000085400000, 0x0000000085400000| Untracked 
|  57|0x0000000085500000, 0x0000000085500000, 0x0000000085600000|  0%| F|  |TAMS 0x0000000085500000, 0x0000000085500000| Untracked 
|  58|0x0000000085600000, 0x0000000085600000, 0x0000000085700000|  0%| F|  |TAMS 0x0000000085600000, 0x0000000085600000| Untracked 
|  59|0x0000000085700000, 0x0000000085700000, 0x0000000085800000|  0%| F|  |TAMS 0x0000000085700000, 0x0000000085700000| Untracked 
|  60|0x0000000085800000, 0x0000000085800000, 0x0000000085900000|  0%| F|  |TAMS 0x0000000085800000, 0x0000000085800000| Untracked 
|  61|0x0000000085900000, 0x0000000085900000, 0x0000000085a00000|  0%| F|  |TAMS 0x0000000085900000, 0x0000000085900000| Untracked 
|  62|0x0000000085a00000, 0x0000000085a00000, 0x0000000085b00000|  0%| F|  |TAMS 0x0000000085a00000, 0x0000000085a00000| Untracked 
|  63|0x0000000085b00000, 0x0000000085b00000, 0x0000000085c00000|  0%| F|  |TAMS 0x0000000085b00000, 0x0000000085b00000| Untracked 
|  64|0x0000000085c00000, 0x0000000085c00000, 0x0000000085d00000|  0%| F|  |TAMS 0x0000000085c00000, 0x0000000085c00000| Untracked 
|  65|0x0000000085d00000, 0x0000000085d00000, 0x0000000085e00000|  0%| F|  |TAMS 0x0000000085d00000, 0x0000000085d00000| Untracked 
|  66|0x0000000085e00000, 0x0000000085e00000, 0x0000000085f00000|  0%| F|  |TAMS 0x0000000085e00000, 0x0000000085e00000| Untracked 
|  67|0x0000000085f00000, 0x0000000085f00000, 0x0000000086000000|  0%| F|  |TAMS 0x0000000085f00000, 0x0000000085f00000| Untracked 
|  68|0x0000000086000000, 0x0000000086000000, 0x0000000086100000|  0%| F|  |TAMS 0x0000000086000000, 0x0000000086000000| Untracked 
|  69|0x0000000086100000, 0x0000000086100000, 0x0000000086200000|  0%| F|  |TAMS 0x0000000086100000, 0x0000000086100000| Untracked 
|  70|0x0000000086200000, 0x0000000086200000, 0x0000000086300000|  0%| F|  |TAMS 0x0000000086200000, 0x0000000086200000| Untracked 
|  71|0x0000000086300000, 0x0000000086300000, 0x0000000086400000|  0%| F|  |TAMS 0x0000000086300000, 0x0000000086300000| Untracked 
|  72|0x0000000086400000, 0x0000000086400000, 0x0000000086500000|  0%| F|  |TAMS 0x0000000086400000, 0x0000000086400000| Untracked 
|  73|0x0000000086500000, 0x0000000086500000, 0x0000000086600000|  0%| F|  |TAMS 0x0000000086500000, 0x0000000086500000| Untracked 
|  74|0x0000000086600000, 0x0000000086600000, 0x0000000086700000|  0%| F|  |TAMS 0x0000000086600000, 0x0000000086600000| Untracked 
|  75|0x0000000086700000, 0x0000000086700000, 0x0000000086800000|  0%| F|  |TAMS 0x0000000086700000, 0x0000000086700000| Untracked 
|  76|0x0000000086800000, 0x0000000086800000, 0x0000000086900000|  0%| F|  |TAMS 0x0000000086800000, 0x0000000086800000| Untracked 
|  77|0x0000000086900000, 0x0000000086900000, 0x0000000086a00000|  0%| F|  |TAMS 0x0000000086900000, 0x0000000086900000| Untracked 
|  78|0x0000000086a00000, 0x0000000086a00000, 0x0000000086b00000|  0%| F|  |TAMS 0x0000000086a00000, 0x0000000086a00000| Untracked 
|  79|0x0000000086b00000, 0x0000000086b00000, 0x0000000086c00000|  0%| F|  |TAMS 0x0000000086b00000, 0x0000000086b00000| Untracked 
|  80|0x0000000086c00000, 0x0000000086c00000, 0x0000000086d00000|  0%| F|  |TAMS 0x0000000086c00000, 0x0000000086c00000| Untracked 
|  81|0x0000000086d00000, 0x0000000086d00000, 0x0000000086e00000|  0%| F|  |TAMS 0x0000000086d00000, 0x0000000086d00000| Untracked 
|  82|0x0000000086e00000, 0x0000000086e00000, 0x0000000086f00000|  0%| F|  |TAMS 0x0000000086e00000, 0x0000000086e00000| Untracked 
|  83|0x0000000086f00000, 0x0000000086f00000, 0x0000000087000000|  0%| F|  |TAMS 0x0000000086f00000, 0x0000000086f00000| Untracked 
|  84|0x0000000087000000, 0x0000000087000000, 0x0000000087100000|  0%| F|  |TAMS 0x0000000087000000, 0x0000000087000000| Untracked 
|  85|0x0000000087100000, 0x0000000087100000, 0x0000000087200000|  0%| F|  |TAMS 0x0000000087100000, 0x0000000087100000| Untracked 
|  86|0x0000000087200000, 0x0000000087200000, 0x0000000087300000|  0%| F|  |TAMS 0x0000000087200000, 0x0000000087200000| Untracked 
|  87|0x0000000087300000, 0x0000000087300000, 0x0000000087400000|  0%| F|  |TAMS 0x0000000087300000, 0x0000000087300000| Untracked 
|  88|0x0000000087400000, 0x0000000087400000, 0x0000000087500000|  0%| F|  |TAMS 0x0000000087400000, 0x0000000087400000| Untracked 
|  89|0x0000000087500000, 0x0000000087500000, 0x0000000087600000|  0%| F|  |TAMS 0x0000000087500000, 0x0000000087500000| Untracked 
|  90|0x0000000087600000, 0x0000000087600000, 0x0000000087700000|  0%| F|  |TAMS 0x0000000087600000, 0x0000000087600000| Untracked 
|  91|0x0000000087700000, 0x0000000087700000, 0x0000000087800000|  0%| F|  |TAMS 0x0000000087700000, 0x0000000087700000| Untracked 
|  92|0x0000000087800000, 0x0000000087800000, 0x0000000087900000|  0%| F|  |TAMS 0x0000000087800000, 0x0000000087800000| Untracked 
|  93|0x0000000087900000, 0x0000000087900000, 0x0000000087a00000|  0%| F|  |TAMS 0x0000000087900000, 0x0000000087900000| Untracked 
|  94|0x0000000087a00000, 0x0000000087a00000, 0x0000000087b00000|  0%| F|  |TAMS 0x0000000087a00000, 0x0000000087a00000| Untracked 
|  95|0x0000000087b00000, 0x0000000087b00000, 0x0000000087c00000|  0%| F|  |TAMS 0x0000000087b00000, 0x0000000087b00000| Untracked 
|  96|0x0000000087c00000, 0x0000000087c00000, 0x0000000087d00000|  0%| F|  |TAMS 0x0000000087c00000, 0x0000000087c00000| Untracked 
|  97|0x0000000087d00000, 0x0000000087d00000, 0x0000000087e00000|  0%| F|  |TAMS 0x0000000087d00000, 0x0000000087d00000| Untracked 
|  98|0x0000000087e00000, 0x0000000087e00000, 0x0000000087f00000|  0%| F|  |TAMS 0x0000000087e00000, 0x0000000087e00000| Untracked 
|  99|0x0000000087f00000, 0x0000000087f00000, 0x0000000088000000|  0%| F|  |TAMS 0x0000000087f00000, 0x0000000087f00000| Untracked 
| 100|0x0000000088000000, 0x0000000088000000, 0x0000000088100000|  0%| F|  |TAMS 0x0000000088000000, 0x0000000088000000| Untracked 
| 101|0x0000000088100000, 0x0000000088100000, 0x0000000088200000|  0%| F|  |TAMS 0x0000000088100000, 0x0000000088100000| Untracked 
| 102|0x0000000088200000, 0x0000000088200000, 0x0000000088300000|  0%| F|  |TAMS 0x0000000088200000, 0x0000000088200000| Untracked 
| 103|0x0000000088300000, 0x0000000088300000, 0x0000000088400000|  0%| F|  |TAMS 0x0000000088300000, 0x0000000088300000| Untracked 
| 104|0x0000000088400000, 0x0000000088400000, 0x0000000088500000|  0%| F|  |TAMS 0x0000000088400000, 0x0000000088400000| Untracked 
| 105|0x0000000088500000, 0x0000000088500000, 0x0000000088600000|  0%| F|  |TAMS 0x0000000088500000, 0x0000000088500000| Untracked 
| 106|0x0000000088600000, 0x0000000088600000, 0x0000000088700000|  0%| F|  |TAMS 0x0000000088600000, 0x0000000088600000| Untracked 
| 107|0x0000000088700000, 0x0000000088700000, 0x0000000088800000|  0%| F|  |TAMS 0x0000000088700000, 0x0000000088700000| Untracked 
| 108|0x0000000088800000, 0x0000000088800000, 0x0000000088900000|  0%| F|  |TAMS 0x0000000088800000, 0x0000000088800000| Untracked 
| 109|0x0000000088900000, 0x0000000088900000, 0x0000000088a00000|  0%| F|  |TAMS 0x0000000088900000, 0x0000000088900000| Untracked 
| 110|0x0000000088a00000, 0x0000000088a00000, 0x0000000088b00000|  0%| F|  |TAMS 0x0000000088a00000, 0x0000000088a00000| Untracked 
| 111|0x0000000088b00000, 0x0000000088b00000, 0x0000000088c00000|  0%| F|  |TAMS 0x0000000088b00000, 0x0000000088b00000| Untracked 
| 112|0x0000000088c00000, 0x0000000088d00000, 0x0000000088d00000|100%| S|CS|TAMS 0x0000000088c00000, 0x0000000088c00000| Complete 
| 113|0x0000000088d00000, 0x0000000088e00000, 0x0000000088e00000|100%| S|CS|TAMS 0x0000000088d00000, 0x0000000088d00000| Complete 
| 114|0x0000000088e00000, 0x0000000088e00000, 0x0000000088f00000|  0%| F|  |TAMS 0x0000000088e00000, 0x0000000088e00000| Untracked 
| 115|0x0000000088f00000, 0x0000000088f00000, 0x0000000089000000|  0%| F|  |TAMS 0x0000000088f00000, 0x0000000088f00000| Untracked 
| 116|0x0000000089000000, 0x0000000089000000, 0x0000000089100000|  0%| F|  |TAMS 0x0000000089000000, 0x0000000089000000| Untracked 
| 117|0x0000000089100000, 0x0000000089100000, 0x0000000089200000|  0%| F|  |TAMS 0x0000000089100000, 0x0000000089100000| Untracked 
| 118|0x0000000089200000, 0x0000000089200000, 0x0000000089300000|  0%| F|  |TAMS 0x0000000089200000, 0x0000000089200000| Untracked 
| 119|0x0000000089300000, 0x0000000089400000, 0x0000000089400000|100%| E|  |TAMS 0x0000000089300000, 0x0000000089300000| Complete 
| 120|0x0000000089400000, 0x0000000089500000, 0x0000000089500000|100%| E|CS|TAMS 0x0000000089400000, 0x0000000089400000| Complete 
| 121|0x0000000089500000, 0x0000000089600000, 0x0000000089600000|100%| E|CS|TAMS 0x0000000089500000, 0x0000000089500000| Complete 
| 122|0x0000000089600000, 0x0000000089700000, 0x0000000089700000|100%| E|CS|TAMS 0x0000000089600000, 0x0000000089600000| Complete 
| 123|0x0000000089700000, 0x0000000089800000, 0x0000000089800000|100%| E|CS|TAMS 0x0000000089700000, 0x0000000089700000| Complete 
| 124|0x0000000089800000, 0x0000000089900000, 0x0000000089900000|100%| E|CS|TAMS 0x0000000089800000, 0x0000000089800000| Complete 
| 125|0x0000000089900000, 0x0000000089a00000, 0x0000000089a00000|100%| E|CS|TAMS 0x0000000089900000, 0x0000000089900000| Complete 
| 126|0x0000000089a00000, 0x0000000089b00000, 0x0000000089b00000|100%| E|CS|TAMS 0x0000000089a00000, 0x0000000089a00000| Complete 
| 127|0x0000000089b00000, 0x0000000089c00000, 0x0000000089c00000|100%| E|CS|TAMS 0x0000000089b00000, 0x0000000089b00000| Complete 

Card table byte_map: [0x000002b2fe3c0000,0x000002b2fe7c0000] _byte_map_base: 0x000002b2fdfb2000

Marking Bits (Prev, Next): (CMBitMap*) 0x000002b2e4edcd28, (CMBitMap*) 0x000002b2e4edcd60
 Prev Bits: [0x000002b280000000, 0x000002b281f90000)
 Next Bits: [0x000002b281f90000, 0x000002b283f20000)

Polling page: 0x000002b2e4cb0000

Metaspace:

Usage:
  Non-class:     11.26 MB capacity,    10.99 MB ( 98%) used,   242.88 KB (  2%) free+waste,    37.94 KB ( <1%) overhead. 
      Class:      1.50 MB capacity,     1.31 MB ( 87%) used,   174.36 KB ( 11%) free+waste,    18.81 KB (  1%) overhead. 
       Both:     12.76 MB capacity,    12.30 MB ( 96%) used,   417.24 KB (  3%) free+waste,    56.75 KB ( <1%) overhead. 

Virtual space:
  Non-class space:       12.00 MB reserved,      11.50 MB ( 96%) committed 
      Class space:        1.00 GB reserved,       1.50 MB ( <1%) committed 
             Both:        1.01 GB reserved,      13.00 MB (  1%) committed 

Chunk freelists:
   Non-Class:  6.38 KB
       Class:  384 bytes
        Both:  6.75 KB

CodeHeap 'non-profiled nmethods': size=120064Kb used=407Kb max_used=407Kb free=119656Kb
 bounds [0x000002b2f6450000, 0x000002b2f66c0000, 0x000002b2fd990000]
CodeHeap 'profiled nmethods': size=120000Kb used=2240Kb max_used=2240Kb free=117759Kb
 bounds [0x000002b2eef20000, 0x000002b2ef190000, 0x000002b2f6450000]
CodeHeap 'non-nmethods': size=5696Kb used=1152Kb max_used=1168Kb free=4544Kb
 bounds [0x000002b2ee990000, 0x000002b2eec00000, 0x000002b2eef20000]
 total_blobs=1747 nmethods=1134 adapters=286
 compilation: enabled
              stopped_count=0, restarted_count=0
 full_count=0

Compilation events (10 events):
Event: 1.522 Thread 0x000002b2ff1e7000 1130       3       jdk.internal.reflect.ConstructorAccessorImpl::<init> (5 bytes)
Event: 1.522 Thread 0x000002b2ff1e7000 nmethod 1130 0x000002b2ef14df90 code [0x000002b2ef14e140, 0x000002b2ef14e358]
Event: 1.661 Thread 0x000002b2ff1e7000 1131       3       java.lang.ClassLoader::addClass (9 bytes)
Event: 1.661 Thread 0x000002b2ff1e7000 nmethod 1131 0x000002b2ef14e410 code [0x000002b2ef14e640, 0x000002b2ef14ef60]
Event: 1.662 Thread 0x000002b2ff1e7000 1132       3       java.util.zip.InflaterInputStream::<init> (79 bytes)
Event: 1.662 Thread 0x000002b2ff1e7000 nmethod 1132 0x000002b2ef14f390 code [0x000002b2ef14f5c0, 0x000002b2ef14fe60]
Event: 1.667 Thread 0x000002b2ff1e3000 1133       4       java.lang.String::lastIndexOf (29 bytes)
Event: 1.670 Thread 0x000002b2ff1e3000 nmethod 1133 0x000002b2f64b5490 code [0x000002b2f64b5620, 0x000002b2f64b5898]
Event: 681.500 Thread 0x000002b2ff1e7000 1134       1       java.lang.reflect.Field::getName (5 bytes)
Event: 681.501 Thread 0x000002b2ff1e7000 nmethod 1134 0x000002b2f64b5a10 code [0x000002b2f64b5bc0, 0x000002b2f64b5cd8]

GC Heap History (2 events):
Event: 1.256 GC heap before
{Heap before GC invocations=0 (full 0):
 garbage-first heap   total 131072K, used 14336K [0x0000000081c00000, 0x0000000100000000)
  region size 1024K, 14 young (14336K), 0 survivors (0K)
 Metaspace       used 11104K, capacity 11556K, committed 11904K, reserved 1060864K
  class space    used 1135K, capacity 1309K, committed 1408K, reserved 1048576K
}
Event: 1.273 GC heap after
{Heap after GC invocations=1 (full 0):
 garbage-first heap   total 131072K, used 2466K [0x0000000081c00000, 0x0000000100000000)
  region size 1024K, 2 young (2048K), 2 survivors (2048K)
 Metaspace       used 11104K, capacity 11556K, committed 11904K, reserved 1060864K
  class space    used 1135K, capacity 1309K, committed 1408K, reserved 1048576K
}

Deoptimization events (8 events):
Event: 0.273 Thread 0x000002b2e4e9b000 Uncommon trap: reason=unstable_if action=reinterpret pc=0x000002b2f645a97c method=java.lang.String.isLatin1()Z @ 10 c2
Event: 0.356 Thread 0x000002b2e4e9b000 Uncommon trap: reason=class_check action=maybe_recompile pc=0x000002b2f645e96c method=java.util.HashMap.putVal(ILjava/lang/Object;Ljava/lang/Object;ZZ)Ljava/lang/Object; @ 253 c2
Event: 0.356 Thread 0x000002b2e4e9b000 Uncommon trap: reason=class_check action=maybe_recompile pc=0x000002b2f645e96c method=java.util.HashMap.putVal(ILjava/lang/Object;Ljava/lang/Object;ZZ)Ljava/lang/Object; @ 253 c2
Event: 0.356 Thread 0x000002b2e4e9b000 Uncommon trap: reason=class_check action=maybe_recompile pc=0x000002b2f645e96c method=java.util.HashMap.putVal(ILjava/lang/Object;Ljava/lang/Object;ZZ)Ljava/lang/Object; @ 253 c2
Event: 0.356 Thread 0x000002b2e4e9b000 Uncommon trap: reason=class_check action=maybe_recompile pc=0x000002b2f645e96c method=java.util.HashMap.putVal(ILjava/lang/Object;Ljava/lang/Object;ZZ)Ljava/lang/Object; @ 253 c2
Event: 0.601 Thread 0x000002b2e4e9b000 Uncommon trap: reason=unstable_if action=reinterpret pc=0x000002b2f64521f8 method=java.lang.String.isLatin1()Z @ 10 c2
Event: 0.749 Thread 0x000002b2e4e9b000 Uncommon trap: reason=unstable_if action=reinterpret pc=0x000002b2f646a880 method=java.util.HashMap.putVal(ILjava/lang/Object;Ljava/lang/Object;ZZ)Ljava/lang/Object; @ 81 c2
Event: 0.772 Thread 0x000002b2e4e9b000 Uncommon trap: reason=unstable_if action=reinterpret pc=0x000002b2f647ee74 method=java.util.HashMap.getNode(ILjava/lang/Object;)Ljava/util/HashMap$Node; @ 129 c2

Classes redefined (4 events):
Event: 308.927 Thread 0x000002b2ff1a1800 redefined class name=com.spotitube.PlaylistServiceImplTest, count=1
Event: 601.168 Thread 0x000002b2ff1a1800 redefined class name=com.spotitube.PlaylistServiceImplTest, count=2
Event: 681.281 Thread 0x000002b2ff1a1800 redefined class name=com.spotitube.PlaylistServiceImplTest, count=3
Event: 1483.217 Thread 0x000002b2ff1a1800 redefined class name=com.spotitube.PlaylistServiceImplTest, count=4

Internal exceptions (10 events):
Event: 0.980 Thread 0x000002b2e4e9b000 Exception <a 'java/lang/NoSuchMethodError'{0x0000000089114ce0}: java.lang.invoke.DirectMethodHandle$Holder.invokeStaticInit(Ljava/lang/Object;Ljava/lang/Object;)I> (0x0000000089114ce0) thrown at [t:/workspace/open/src/hotspot/share/interpreter/linkResolve
Event: 1.002 Thread 0x000002b2e4e9b000 Exception <a 'java/lang/NoSuchMethodError'{0x0000000089181460}: java.lang.invoke.DirectMethodHandle$Holder.invokeSpecialIFC(Ljava/lang/Object;Ljava/lang/Object;Ljava/lang/Object;Ljava/lang/Object;)Ljava/lang/Object;> (0x0000000089181460) thrown at [t:/wor
Event: 1.045 Thread 0x000002b2e4e9b000 Exception <a 'java/lang/NoSuchMethodError'{0x00000000890013c8}: java.lang.invoke.DirectMethodHandle$Holder.invokeVirtual(Ljava/lang/Object;Ljava/lang/Object;Ljava/lang/Object;)I> (0x00000000890013c8) thrown at [t:/workspace/open/src/hotspot/share/interpre
Event: 1.052 Thread 0x000002b2e4e9b000 Exception <a 'java/lang/NoSuchMethodError'{0x000000008901b500}: java.lang.invoke.DirectMethodHandle$Holder.invokeInterface(Ljava/lang/Object;Ljava/lang/Object;)V> (0x000000008901b500) thrown at [t:/workspace/open/src/hotspot/share/interpreter/linkResolver
Event: 1.052 Thread 0x000002b2e4e9b000 Exception <a 'java/lang/IncompatibleClassChangeError'{0x000000008901e160}: Found class java.lang.Object, but interface was expected> (0x000000008901e160) thrown at [t:/workspace/open/src/hotspot/share/interpreter/linkResolver.cpp, line 838]
Event: 1.056 Thread 0x000002b2e4e9b000 Exception <a 'java/lang/NoSuchMethodError'{0x000000008902bd10}: java.lang.invoke.DirectMethodHandle$Holder.invokeStatic(Ljava/lang/Object;Ljava/lang/Object;Ljava/lang/Object;Ljava/lang/Object;)V> (0x000000008902bd10) thrown at [t:/workspace/open/src/hotsp
Event: 1.108 Thread 0x000002b2e4e9b000 Exception <a 'java/lang/NoSuchMethodError'{0x00000000890cc0c8}: java.lang.invoke.DirectMethodHandle$Holder.invokeInterface(Ljava/lang/Object;Ljava/lang/Object;Ljava/lang/Object;Ljava/lang/Object;)V> (0x00000000890cc0c8) thrown at [t:/workspace/open/src/ho
Event: 1.109 Thread 0x000002b2e4e9b000 Exception <a 'java/lang/IncompatibleClassChangeError'{0x00000000890cee88}: Found class java.lang.Object, but interface was expected> (0x00000000890cee88) thrown at [t:/workspace/open/src/hotspot/share/interpreter/linkResolver.cpp, line 838]
Event: 1.136 Thread 0x000002b2e4e9b000 Exception <a 'java/lang/NoSuchMethodError'{0x0000000088f6cd58}: java.lang.invoke.DirectMethodHandle$Holder.invokeSpecial(Ljava/lang/Object;Ljava/lang/Object;)V> (0x0000000088f6cd58) thrown at [t:/workspace/open/src/hotspot/share/interpreter/linkResolver.c
Event: 1.160 Thread 0x000002b2e4e9b000 Exception <a 'java/lang/NoSuchMethodError'{0x0000000088fc1aa0}: java.lang.invoke.DirectMethodHandle$Holder.invokeStatic(Ljava/lang/Object;Ljava/lang/Object;Ljava/lang/Object;Ljava/lang/Object;Ljava/lang/Object;)I> (0x0000000088fc1aa0) thrown at [t:/worksp

Events (10 events):
Event: 1483.381 Executing VM operation: ChangeBreakpoints done
Event: 1483.384 Executing VM operation: ChangeBreakpoints
Event: 1483.384 Executing VM operation: ChangeBreakpoints done
Event: 1483.386 Executing VM operation: ChangeBreakpoints
Event: 1483.387 Executing VM operation: ChangeBreakpoints done
Event: 1483.388 Executing VM operation: GetFrameCount
Event: 1483.388 Executing VM operation: GetFrameCount done
Event: 1483.388 Executing VM operation: GetStackTrace
Event: 1483.388 Executing VM operation: GetStackTrace done
Event: 1483.444 Executing VM operation: GetOrSetLocal


Dynamic libraries:
0x00007ff71f240000 - 0x00007ff71f287000 	C:\Program Files\Java\jdk-11.0.2\bin\java.exe
0x00007ffd8e0b0000 - 0x00007ffd8e291000 	C:\WINDOWS\SYSTEM32\ntdll.dll
0x00007ffd8ba40000 - 0x00007ffd8baf2000 	C:\WINDOWS\System32\KERNEL32.DLL
0x00007ffd8a480000 - 0x00007ffd8a6f3000 	C:\WINDOWS\System32\KERNELBASE.dll
0x00007ffd8dae0000 - 0x00007ffd8db81000 	C:\WINDOWS\System32\ADVAPI32.dll
0x00007ffd8bd30000 - 0x00007ffd8bdce000 	C:\WINDOWS\System32\msvcrt.dll
0x00007ffd8bf70000 - 0x00007ffd8bfcb000 	C:\WINDOWS\System32\sechost.dll
0x00007ffd8d9b0000 - 0x00007ffd8dad4000 	C:\WINDOWS\System32\RPCRT4.dll
0x00007ffd8bde0000 - 0x00007ffd8bf70000 	C:\WINDOWS\System32\USER32.dll
0x00007ffd8b4c0000 - 0x00007ffd8b4e0000 	C:\WINDOWS\System32\win32u.dll
0x00007ffd8c070000 - 0x00007ffd8c098000 	C:\WINDOWS\System32\GDI32.dll
0x00007ffd8b170000 - 0x00007ffd8b302000 	C:\WINDOWS\System32\gdi32full.dll
0x00007ffd8a750000 - 0x00007ffd8a7ef000 	C:\WINDOWS\System32\msvcp_win.dll
0x00007ffd8b3c0000 - 0x00007ffd8b4b8000 	C:\WINDOWS\System32\ucrtbase.dll
0x00007ffd77da0000 - 0x00007ffd78009000 	C:\WINDOWS\WinSxS\amd64_microsoft.windows.common-controls_6595b64144ccf1df_6.0.17134.648_none_fb45a0e93062a6d2\COMCTL32.dll
0x00007ffd8dbf0000 - 0x00007ffd8df12000 	C:\WINDOWS\System32\combase.dll
0x00007ffd8a7f0000 - 0x00007ffd8a86a000 	C:\WINDOWS\System32\bcryptPrimitives.dll
0x00007ffd7c280000 - 0x00007ffd7c28a000 	C:\WINDOWS\SYSTEM32\VERSION.dll
0x00007ffd8d800000 - 0x00007ffd8d82d000 	C:\WINDOWS\System32\IMM32.DLL
0x00007ffd798d0000 - 0x00007ffd798e6000 	C:\Program Files\Java\jdk-11.0.2\bin\vcruntime140.dll
0x00007ffd55870000 - 0x00007ffd5591a000 	C:\Program Files\Java\jdk-11.0.2\bin\msvcp140.dll
0x00007ffd39ef0000 - 0x00007ffd3aa17000 	C:\Program Files\Java\jdk-11.0.2\bin\server\jvm.dll
0x00007ffd8bdd0000 - 0x00007ffd8bdd8000 	C:\WINDOWS\System32\PSAPI.DLL
0x00007ffd88fc0000 - 0x00007ffd88fc9000 	C:\WINDOWS\SYSTEM32\WSOCK32.dll
0x00007ffd869c0000 - 0x00007ffd869e3000 	C:\WINDOWS\SYSTEM32\WINMM.dll
0x00007ffd8d940000 - 0x00007ffd8d9ac000 	C:\WINDOWS\System32\WS2_32.dll
0x00007ffd86990000 - 0x00007ffd869ba000 	C:\WINDOWS\SYSTEM32\WINMMBASE.dll
0x00007ffd8a700000 - 0x00007ffd8a749000 	C:\WINDOWS\System32\cfgmgr32.dll
0x00007ffd8a440000 - 0x00007ffd8a451000 	C:\WINDOWS\System32\kernel.appcore.dll
0x00007ffd798b0000 - 0x00007ffd798c1000 	C:\Program Files\Java\jdk-11.0.2\bin\verify.dll
0x00007ffd88dd0000 - 0x00007ffd88f99000 	C:\WINDOWS\SYSTEM32\DBGHELP.DLL
0x00007ffd823f0000 - 0x00007ffd82419000 	C:\WINDOWS\SYSTEM32\dbgcore.DLL
0x00007ffd79290000 - 0x00007ffd792b9000 	C:\Program Files\Java\jdk-11.0.2\bin\java.dll
0x00007ffd5e8b0000 - 0x00007ffd5e8e7000 	C:\Program Files\Java\jdk-11.0.2\bin\jdwp.dll
0x00007ffd72da0000 - 0x00007ffd72dcf000 	C:\Program Files\Java\jdk-11.0.2\bin\instrument.dll
0x00007ffd6e5f0000 - 0x00007ffd6e606000 	C:\Program Files\Java\jdk-11.0.2\bin\zip.dll
0x00007ffd85310000 - 0x00007ffd8531a000 	C:\Program Files\Java\jdk-11.0.2\bin\jimage.dll
0x00007ffd8c0a0000 - 0x00007ffd8d4e0000 	C:\WINDOWS\System32\SHELL32.dll
0x00007ffd8b540000 - 0x00007ffd8b5e9000 	C:\WINDOWS\System32\shcore.dll
0x00007ffd8aa60000 - 0x00007ffd8b16d000 	C:\WINDOWS\System32\windows.storage.dll
0x00007ffd8db90000 - 0x00007ffd8dbe1000 	C:\WINDOWS\System32\shlwapi.dll
0x00007ffd8a420000 - 0x00007ffd8a43f000 	C:\WINDOWS\System32\profapi.dll
0x00007ffd8a3c0000 - 0x00007ffd8a40c000 	C:\WINDOWS\System32\powrprof.dll
0x00007ffd8a410000 - 0x00007ffd8a41a000 	C:\WINDOWS\System32\FLTLIB.DLL
0x00007ffd6d110000 - 0x00007ffd6d11a000 	C:\Program Files\Java\jdk-11.0.2\bin\dt_socket.dll
0x00007ffd89be0000 - 0x00007ffd89c46000 	C:\WINDOWS\system32\mswsock.dll
0x00007ffd6e480000 - 0x00007ffd6e499000 	C:\Program Files\Java\jdk-11.0.2\bin\net.dll
0x00007ffd7c7f0000 - 0x00007ffd7c9b8000 	C:\WINDOWS\SYSTEM32\urlmon.dll
0x00007ffd7dbf0000 - 0x00007ffd7dccd000 	C:\WINDOWS\SYSTEM32\WINHTTP.dll
0x00007ffd7c540000 - 0x00007ffd7c7e5000 	C:\WINDOWS\SYSTEM32\iertutil.dll
0x00007ffd89db0000 - 0x00007ffd89dbb000 	C:\WINDOWS\SYSTEM32\CRYPTBASE.DLL
0x00007ffd6d780000 - 0x00007ffd6d793000 	C:\Program Files\Java\jdk-11.0.2\bin\nio.dll
0x00007ffd89d90000 - 0x00007ffd89da7000 	C:\WINDOWS\SYSTEM32\CRYPTSP.dll
0x00007ffd897c0000 - 0x00007ffd897f3000 	C:\WINDOWS\system32\rsaenh.dll
0x00007ffd89ec0000 - 0x00007ffd89ee5000 	C:\WINDOWS\SYSTEM32\bcrypt.dll
0x00007ffd8a2f0000 - 0x00007ffd8a318000 	C:\WINDOWS\SYSTEM32\USERENV.dll
0x00007ffd89960000 - 0x00007ffd89998000 	C:\WINDOWS\SYSTEM32\IPHLPAPI.DLL
0x00007ffd8d930000 - 0x00007ffd8d938000 	C:\WINDOWS\System32\NSI.dll
0x00007ffd80960000 - 0x00007ffd80976000 	C:\WINDOWS\SYSTEM32\dhcpcsvc6.DLL
0x00007ffd80610000 - 0x00007ffd8062a000 	C:\WINDOWS\SYSTEM32\dhcpcsvc.DLL

dbghelp: loaded successfully - version: 4.0.5 - missing functions: none
symbol engine: initialized successfully - sym options: 0x614 - pdb path: .;C:\Program Files\Java\jdk-11.0.2\bin;C:\WINDOWS\SYSTEM32;C:\WINDOWS\WinSxS\amd64_microsoft.windows.common-controls_6595b64144ccf1df_6.0.17134.648_none_fb45a0e93062a6d2;C:\Program Files\Java\jdk-11.0.2\bin\server

VM Arguments:
jvm_args: -agentlib:jdwp=transport=dt_socket,address=127.0.0.1:61785,suspend=y,server=n -ea -Didea.test.cyclic.buffer.size=1048576 -javaagent:C:\Users\vu199\.IntelliJIdea2018.3\system\captureAgent\debugger-agent.jar -Dfile.encoding=UTF-8 
java_command: com.intellij.rt.execution.junit.JUnitStarter -ideVersion5 -junit5 com.spotitube.PlaylistServiceImplTest,updatePlaylistRightToken
java_class_path (initial): C:\Program Files\JetBrains\IntelliJ IDEA 2018.3.3\lib\idea_rt.jar;C:\Program Files\JetBrains\IntelliJ IDEA 2018.3.3\plugins\junit\lib\junit-rt.jar;C:\Program Files\JetBrains\IntelliJ IDEA 2018.3.3\plugins\junit\lib\junit5-rt.jar;C:\Users\vu199\.m2\repository\org\junit\platform\junit-platform-launcher\1.3.2\junit-platform-launcher-1.3.2.jar;C:\Users\vu199\.m2\repository\org\apiguardian\apiguardian-api\1.0.0\apiguardian-api-1.0.0.jar;C:\Users\vu199\.m2\repository\org\junit\platform\junit-platform-engine\1.3.2\junit-platform-engine-1.3.2.jar;C:\Users\vu199\.m2\repository\org\junit\platform\junit-platform-commons\1.3.2\junit-platform-commons-1.3.2.jar;C:\Users\vu199\.m2\repository\org\opentest4j\opentest4j\1.1.1\opentest4j-1.1.1.jar;C:\Users\vu199\Desktop\School\Jaar2\OOSE\DEA\ProgrameerOpdracht_EAI_VuLe_KlasB_MeronBrouwer\spotitube\target\test-classes;C:\Users\vu199\Desktop\School\Jaar2\OOSE\DEA\ProgrameerOpdracht_EAI_VuLe_KlasB_MeronBrouwer\spotitube\target\classes;C:\Users\vu199\.m2\repository\javax\javaee-api\8.0\javaee-api-8.0.jar;C:\Users\vu199\.m2\repository\com\sun\mail\javax.mail\1.6.0\javax.mail-1.6.0.jar;C:\Users\vu199\.m2\repository\javax\activation\activation\1.1\activation-1.1.jar;C:\Users\vu199\.m2\repository\com\microsoft\sqlserver\mssql-jdbc\7.2.1.jre11\mssql-jdbc-7.2.1.jre11.jar;C:\Users\vu199\.m2\repository\org\glassfish\jersey\core\jersey-common\2.28\jersey-common-2.28.jar;C:\Users\vu199\.m2\repository\jakarta\ws\rs\jakarta.ws.rs-api\2.1.5\jakarta.ws.rs-api-2.1.5.jar;C:\Users\vu199\.m2\repository\jakarta\annotation\jakarta.annotation-api\1.3.4\jakarta.annotation-api-1.3.4.jar;C:\Users\vu199\.m2\repository\org\glassfish\hk2\external\jakarta.inject\2.5.0\jakarta.inject-2.5.0.jar;C:\Users\vu199\.m2\repository\org\glassfish\hk2\osgi-resource-locator\1.0.1\osgi-resource-locator-1.0.1.jar;C:\Users\vu199\.m2\repository\org\mockito\mockito-all\1.10.19\mockito-all-1.10.19.jar;C:\Users\vu199\.m2\repository\org\junit\jupiter\junit-j
Launcher Type: SUN_STANDARD

[Global flags]
     intx CICompilerCount                          = 3                                         {product} {ergonomic}
     uint ConcGCThreads                            = 1                                         {product} {ergonomic}
     uint G1ConcRefinementThreads                  = 4                                         {product} {ergonomic}
   size_t G1HeapRegionSize                         = 1048576                                   {product} {ergonomic}
    uintx GCDrainStackTargetSize                   = 64                                        {product} {ergonomic}
   size_t InitialHeapSize                          = 134217728                                 {product} {ergonomic}
   size_t MarkStackSize                            = 4194304                                   {product} {ergonomic}
   size_t MaxHeapSize                              = 2118123520                                {product} {ergonomic}
   size_t MaxNewSize                               = 1270874112                                {product} {ergonomic}
   size_t MinHeapDeltaBytes                        = 1048576                                   {product} {ergonomic}
    uintx NonNMethodCodeHeapSize                   = 5830092                                {pd product} {ergonomic}
    uintx NonProfiledCodeHeapSize                  = 122914074                              {pd product} {ergonomic}
    uintx ProfiledCodeHeapSize                     = 122914074                              {pd product} {ergonomic}
    uintx ReservedCodeCacheSize                    = 251658240                              {pd product} {ergonomic}
     bool SegmentedCodeCache                       = true                                      {product} {ergonomic}
     bool UseCompressedClassPointers               = true                                 {lp64_product} {ergonomic}
     bool UseCompressedOops                        = true                                 {lp64_product} {ergonomic}
     bool UseG1GC                                  = true                                      {product} {ergonomic}
     bool UseLargePagesIndividualAllocation        = false                                  {pd product} {ergonomic}

Logging:
Log output configuration:
 #0: stdout all=warning uptime,level,tags
 #1: stderr all=off uptime,level,tags

Environment Variables:
JAVA_HOME=C:\Program Files\Java\jdk-11.0.2
PATH=C:\Program Files (x86)\NVIDIA Corporation\PhysX\Common;C:\ProgramData\Oracle\Java\javapath;C:\Program Files (x86)\Intel\iCLS Client\;C:\Program Files\Intel\iCLS Client\;C:\WINDOWS\system32;C:\WINDOWS;C:\WINDOWS\System32\Wbem;C:\WINDOWS\System32\WindowsPowerShell\v1.0\;C:\Program Files (x86)\Intel\Intel(R) Management Engine Components\DAL;C:\Program Files\Intel\Intel(R) Management Engine Components\DAL;C:\Program Files (x86)\Intel\Intel(R) Management Engine Components\IPT;C:\Program Files\Intel\Intel(R) Management Engine Components\IPT;C:\Program Files\Microsoft SQL Server\Client SDK\ODBC\130\Tools\Binn\;C:\Program Files (x86)\Microsoft SQL Server\130\Tools\Binn\;C:\Program Files\Microsoft SQL Server\130\Tools\Binn\;C:\Program Files\Microsoft SQL Server\130\DTS\Binn\;C:\Program Files (x86)\Microsoft SQL Server\Client SDK\ODBC\130\Tools\Binn\;C:\Program Files (x86)\Microsoft SQL Server\140\Tools\Binn\;C:\Program Files (x86)\Microsoft SQL Server\140\DTS\Binn\;C:\Program Files (x86)\Microsoft SQL Server\140\Tools\Binn\ManagementStudio\;C:\Program Files (x86)\Microsoft SQL Server\110\DTS\Binn\;C:\Program Files (x86)\Microsoft SQL Server\120\DTS\Binn\;C:\Program Files (x86)\Microsoft SQL Server\130\DTS\Binn\;C:\xampp\php;C:\composer;C:\WINDOWS\System32\OpenSSH\;C:\Users\vu199\Downloads\apache-maven-3.6.0\bin;C:\Program Files\Git\cmd;C:\Users\vu199\AppData\Local\Microsoft\WindowsApps;C:\Users\vu199\AppData\Roaming\Composer\vendor\bin;
USERNAME=vu.le
OS=Windows_NT
PROCESSOR_IDENTIFIER=Intel64 Family 6 Model 142 Stepping 9, GenuineIntel



---------------  S Y S T E M  ---------------

OS: Windows 10 , 64 bit Build 17134 (10.0.17134.648)

CPU:total 4 (initial active 4) (2 cores per cpu, 2 threads per core) family 6 model 142 stepping 9, cmov, cx8, fxsr, mmx, sse, sse2, sse3, ssse3, sse4.1, sse4.2, popcnt, avx, avx2, aes, clmul, erms, 3dnowpref, lzcnt, ht, tsc, tscinvbit, bmi1, bmi2, adx, fma

Memory: 4k page, system-wide physical 8072M (2017M free)
TotalPageFile size 13192M (AvailPageFile size 2089M)
current process WorkingSet (physical memory assigned to process): 64M, peak: 71M
current process commit charge ("private bytes"): 210M, peak: 216M

vm_info: Java HotSpot(TM) 64-Bit Server VM (11.0.2+9-LTS) for windows-amd64 JRE (11.0.2+9-LTS), built on Jan 18 2019 05:24:10 by "mach5one" with MS VC++ 15.5 (VS2017)

END.
